#
# There is insufficient memory for the Java Runtime Environment to continue.
# Native memory allocation (mmap) failed to map 197132288 bytes for G1 virtual space
# Possible reasons:
#   The system is out of physical RAM or swap space
#   The process is running with CompressedOops enabled, and the Java Heap may be blocking the growth of the native heap
# Possible solutions:
#   Reduce memory load on the system
#   Increase physical memory or swap space
#   Check if swap backing store is full
#   Decrease Java heap size (-Xmx/-Xms)
#   Decrease number of Java threads
#   Decrease Java thread stack sizes (-Xss)
#   Set larger code cache with -XX:ReservedCodeCacheSize=
#   JVM is running with Zero Based Compressed Oops mode in which the Java heap is
#     placed in the first 32GB address space. The Java Heap base address is the
#     maximum limit for the native heap growth. Please use -XX:HeapBaseMinAddress
#     to set the Java Heap base and to place the Java Heap above 32GB virtual address.
# This output file may be truncated or incomplete.
#
#  Out of Memory Error (os_windows.cpp:3548), pid=22156, tid=16960
#
# JRE version:  (17.0.12+8) (build )
# Java VM: Java HotSpot(TM) 64-Bit Server VM (17.0.12+8-LTS-286, mixed mode, sharing, tiered, compressed oops, compressed class ptrs, g1 gc, windows-amd64)
# No core dump will be written. Minidumps are not enabled by default on client versions of Windows
#

---------------  S U M M A R Y ------------

Command Line: C:\Users\didipriadi\AppData\Local\Temp\surefire329381132244517723\surefirebooter-20251120233845874_3.jar C:\Users\didipriadi\AppData\Local\Temp\surefire329381132244517723 2025-11-20T23-38-45_608-jvmRun1 surefire-20251120233845874_1tmp surefire_0-20251120233845874_2tmp

Host: 12th Gen Intel(R) Core(TM) i3-1215U, 8 cores, 11G,  Windows 11 , 64 bit Build 26100 (10.0.26100.7019)
Time: Thu Nov 20 23:38:47 2025 SE Asia Standard Time elapsed time: 1.403552 seconds (0d 0h 0m 1s)

---------------  T H R E A D  ---------------

Current thread (0x000001de9c921210):  JavaThread "Unknown thread" [_thread_in_vm, id=16960, stack(0x0000002a05000000,0x0000002a05100000)]

Stack: [0x0000002a05000000,0x0000002a05100000]
Native frames: (J=compiled Java code, j=interpreted, Vv=VM code, C=native code)
V  [jvm.dll+0x67a04a]
V  [jvm.dll+0x7da4ed]
V  [jvm.dll+0x7dbe33]
V  [jvm.dll+0x7dc4a3]
V  [jvm.dll+0x24508f]
V  [jvm.dll+0x677089]
V  [jvm.dll+0x66bd32]
V  [jvm.dll+0x301fa6]
V  [jvm.dll+0x309546]
V  [jvm.dll+0x359d2e]
V  [jvm.dll+0x359f5f]
V  [jvm.dll+0x2d9078]
V  [jvm.dll+0x2d9fe4]
V  [jvm.dll+0x7aca21]
V  [jvm.dll+0x367591]
V  [jvm.dll+0x78b999]
V  [jvm.dll+0x3ec83f]
V  [jvm.dll+0x3ee471]
C  [jli.dll+0x5297]
C  [ucrtbase.dll+0x37b0]
C  [KERNEL32.DLL+0x2e8d7]
C  [ntdll.dll+0x8c53c]


---------------  P R O C E S S  ---------------

Threads class SMR info:
_java_thread_list=0x00007ff915f97a18, length=0, elements={
}

Java Threads: ( => current thread )

Other Threads:
  0x000001de9c979be0 GCTaskThread "GC Thread#0" [stack: 0x0000002a05100000,0x0000002a05200000] [id=19496]
  0x000001de9c986640 ConcurrentGCThread "G1 Main Marker" [stack: 0x0000002a05200000,0x0000002a05300000] [id=6944]
  0x000001de9c986f60 ConcurrentGCThread "G1 Conc#0" [stack: 0x0000002a05300000,0x0000002a05400000] [id=144]

[error occurred during error reporting (printing all threads), id 0xc0000005, EXCEPTION_ACCESS_VIOLATION (0xc0000005) at pc=0x00007ff9157c9b67]

VM state: not at safepoint (not fully initialized)

VM Mutex/Monitor currently owned by a thread:  ([mutex/lock_event])
[0x000001de9c91f030] Heap_lock - owner thread: 0x000001de9c921210

Heap address: 0x0000000744000000, size: 3008 MB, Compressed Oops mode: Zero based, Oop shift amount: 3

CDS archive(s) mapped at: [0x0000000000000000-0x0000000000000000-0x0000000000000000), size 0, SharedBaseAddress: 0x0000000800000000, ArchiveRelocationMode: 1.
Narrow klass base: 0x0000000000000000, Narrow klass shift: 0, Narrow klass range: 0x0

GC Precious Log:
<Empty>

Heap:
 garbage-first heap   total 0K, used 0K [0x0000000744000000, 0x0000000800000000)
  region size 2048K, 0 young (0K), 0 survivors (0K)

[error occurred during error reporting (printing heap information), id 0xc0000005, EXCEPTION_ACCESS_VIOLATION (0xc0000005) at pc=0x00007ff915bb3859]

GC Heap History (0 events):
No events

Deoptimization events (0 events):
No events

Classes unloaded (0 events):
No events

Classes redefined (0 events):
No events

Internal exceptions (0 events):
No events

VM Operations (0 events):
No events

Events (1 events):
Event: 0.013 Loaded shared library C:\Program Files\Java\jdk-17\bin\java.dll


Dynamic libraries:
0x00007ff6aa5b0000 - 0x00007ff6aa5c0000 	C:\Program Files\Java\jdk-17\bin\java.exe
0x00007ff97f1a0000 - 0x00007ff97f408000 	C:\WINDOWS\SYSTEM32\ntdll.dll
0x00007ff97d510000 - 0x00007ff97d5d9000 	C:\WINDOWS\System32\KERNEL32.DLL
0x00007ff97ca90000 - 0x00007ff97ce88000 	C:\WINDOWS\System32\KERNELBASE.dll
0x00007ff978e20000 - 0x00007ff978ebf000 	C:\WINDOWS\SYSTEM32\apphelp.dll
0x00007ff97c2f0000 - 0x00007ff97c43b000 	C:\WINDOWS\System32\ucrtbase.dll
0x00007ff9579a0000 - 0x00007ff9579bb000 	C:\Program Files\Java\jdk-17\bin\VCRUNTIME140.dll
0x00007ff956f50000 - 0x00007ff956f69000 	C:\Program Files\Java\jdk-17\bin\jli.dll
0x00007ff97d440000 - 0x00007ff97d4f4000 	C:\WINDOWS\System32\ADVAPI32.dll
0x00007ff97f060000 - 0x00007ff97f109000 	C:\WINDOWS\System32\msvcrt.dll
0x00007ff97dbd0000 - 0x00007ff97dc76000 	C:\WINDOWS\System32\sechost.dll
0x00007ff97cf60000 - 0x00007ff97d078000 	C:\WINDOWS\System32\RPCRT4.dll
0x00007ff97d6f0000 - 0x00007ff97d8b7000 	C:\WINDOWS\System32\USER32.dll
0x00007ff97c8f0000 - 0x00007ff97c917000 	C:\WINDOWS\System32\win32u.dll
0x00007ff97d220000 - 0x00007ff97d24b000 	C:\WINDOWS\System32\GDI32.dll
0x00007ff97c640000 - 0x00007ff97c76c000 	C:\WINDOWS\System32\gdi32full.dll
0x00007ff967940000 - 0x00007ff967bd4000 	C:\WINDOWS\WinSxS\amd64_microsoft.windows.common-controls_6595b64144ccf1df_6.0.26100.7019_none_3e06ffa0e335b8a8\COMCTL32.dll
0x00007ff97ce90000 - 0x00007ff97cf33000 	C:\WINDOWS\System32\msvcp_win.dll
0x00007ff967dc0000 - 0x00007ff967dcb000 	C:\WINDOWS\SYSTEM32\VERSION.dll
0x00007ff97d5e0000 - 0x00007ff97d611000 	C:\WINDOWS\System32\IMM32.DLL
0x00007ff96dcd0000 - 0x00007ff96dcdc000 	C:\Program Files\Java\jdk-17\bin\vcruntime140_1.dll
0x00007ff956d30000 - 0x00007ff956dbe000 	C:\Program Files\Java\jdk-17\bin\msvcp140.dll
0x00007ff9154e0000 - 0x00007ff9160c0000 	C:\Program Files\Java\jdk-17\bin\server\jvm.dll
0x00007ff97d430000 - 0x00007ff97d438000 	C:\WINDOWS\System32\PSAPI.DLL
0x00007ff974900000 - 0x00007ff974935000 	C:\WINDOWS\SYSTEM32\WINMM.dll
0x00007ff908350000 - 0x00007ff90835a000 	C:\WINDOWS\SYSTEM32\WSOCK32.dll
0x00007ff97dad0000 - 0x00007ff97db44000 	C:\WINDOWS\System32\WS2_32.dll
0x00007ff97b0b0000 - 0x00007ff97b0cb000 	C:\WINDOWS\SYSTEM32\kernel.appcore.dll
0x00007ff96b3a0000 - 0x00007ff96b3aa000 	C:\Program Files\Java\jdk-17\bin\jimage.dll
0x00007ff979ad0000 - 0x00007ff979d12000 	C:\WINDOWS\SYSTEM32\DBGHELP.DLL
0x00007ff97dec0000 - 0x00007ff97e24b000 	C:\WINDOWS\System32\combase.dll
0x00007ff97d9f0000 - 0x00007ff97dac7000 	C:\WINDOWS\System32\OLEAUT32.dll
0x00007ff9512a0000 - 0x00007ff9512dc000 	C:\WINDOWS\SYSTEM32\dbgcore.DLL
0x00007ff97c9e0000 - 0x00007ff97ca85000 	C:\WINDOWS\System32\bcryptPrimitives.dll
0x00007ff954200000 - 0x00007ff954225000 	C:\Program Files\Java\jdk-17\bin\java.dll

dbghelp: loaded successfully - version: 4.0.5 - missing functions: none
symbol engine: initialized successfully - sym options: 0x614 - pdb path: .;C:\Program Files\Java\jdk-17\bin;C:\WINDOWS\SYSTEM32;C:\WINDOWS\WinSxS\amd64_microsoft.windows.common-controls_6595b64144ccf1df_6.0.26100.7019_none_3e06ffa0e335b8a8;C:\Program Files\Java\jdk-17\bin\server

VM Arguments:
java_command: C:\Users\didipriadi\AppData\Local\Temp\surefire329381132244517723\surefirebooter-20251120233845874_3.jar C:\Users\didipriadi\AppData\Local\Temp\surefire329381132244517723 2025-11-20T23-38-45_608-jvmRun1 surefire-20251120233845874_1tmp surefire_0-20251120233845874_2tmp
java_class_path (initial): C:\Users\didipriadi\AppData\Local\Temp\surefire329381132244517723\surefirebooter-20251120233845874_3.jar
Launcher Type: SUN_STANDARD

[Global flags]
     intx CICompilerCount                          = 4                                         {product} {ergonomic}
     uint ConcGCThreads                            = 2                                         {product} {ergonomic}
     uint G1ConcRefinementThreads                  = 8                                         {product} {ergonomic}
   size_t G1HeapRegionSize                         = 2097152                                   {product} {ergonomic}
    uintx GCDrainStackTargetSize                   = 64                                        {product} {ergonomic}
   size_t InitialHeapSize                          = 197132288                                 {product} {ergonomic}
   size_t MarkStackSize                            = 4194304                                   {product} {ergonomic}
   size_t MaxHeapSize                              = 3154116608                                {product} {ergonomic}
   size_t MinHeapDeltaBytes                        = 2097152                                   {product} {ergonomic}
   size_t MinHeapSize                              = 8388608                                   {product} {ergonomic}
    uintx NonNMethodCodeHeapSize                   = 5839372                                {pd product} {ergonomic}
    uintx NonProfiledCodeHeapSize                  = 122909434                              {pd product} {ergonomic}
    uintx ProfiledCodeHeapSize                     = 122909434                              {pd product} {ergonomic}
    uintx ReservedCodeCacheSize                    = 251658240                              {pd product} {ergonomic}
     bool SegmentedCodeCache                       = true                                      {product} {ergonomic}
   size_t SoftMaxHeapSize                          = 3154116608                             {manageable} {ergonomic}
     bool UseCompressedClassPointers               = true                           {product lp64_product} {ergonomic}
     bool UseCompressedOops                        = true                           {product lp64_product} {ergonomic}
     bool UseG1GC                                  = true                                      {product} {ergonomic}
     bool UseLargePagesIndividualAllocation        = false                                  {pd product} {ergonomic}

Logging:
Log output configuration:
 #0: stdout all=warning uptime,level,tags
 #1: stderr all=off uptime,level,tags

Environment Variables:
JAVA_HOME=C:\Program Files\Java\jdk-17
PATH=C:\Program Files\Google\Chrome\Application;C:\Program Files (x86)\Common Files\Oracle\Java\java8path;C:\Program Files (x86)\Common Files\Oracle\Java\javapath;C:\WINDOWS\system32;C:\WINDOWS;C:\WINDOWS\System32\Wbem;C:\WINDOWS\System32\WindowsPowerShell\v1.0\;C:\WINDOWS\System32\OpenSSH\;C:\Users\didipriadi\AppData\Local\Microsoft\WindowsApps;C:\Users\didipriadi\AppData\Local\Programs\Microsoft VS Code\bin;C:\Users\didipriadi\AppData\Local\GitHubDesktop\bin
USERNAME=didipriadi
OS=Windows_NT
PROCESSOR_IDENTIFIER=Intel64 Family 6 Model 154 Stepping 4, GenuineIntel



---------------  S Y S T E M  ---------------

OS:
 Windows 11 , 64 bit Build 26100 (10.0.26100.7019)
OS uptime: 5 days 3:22 hours
Hyper-V role detected

CPU: total 8 (initial active 8) (4 cores per cpu, 2 threads per core) family 6 model 154 stepping 4 microcode 0x41b, cx8, cmov, fxsr, ht, mmx, 3dnowpref, sse, sse2, sse3, ssse3, sse4.1, sse4.2, popcnt, lzcnt, tsc, tscinvbit, avx, avx2, aes, erms, clmul, bmi1, bmi2, adx, sha, fma, vzeroupper, clflush, clflushopt, clwb, hv

Memory: 4k page, system-wide physical 12030M (396M free)
TotalPageFile size 28165M (AvailPageFile size 163M)
current process WorkingSet (physical memory assigned to process): 13M, peak: 13M
current process commit charge ("private bytes"): 60M, peak: 248M

vm_info: Java HotSpot(TM) 64-Bit Server VM (17.0.12+8-LTS-286) for windows-amd64 JRE (17.0.12+8-LTS-286), built on Jun  5 2024 06:46:59 by "mach5one" with MS VC++ 17.6 (VS2022)

END.
